# JRE version: OpenJDK Runtime Environment (8.0_212-b04) (build 1.8.0_212-release-1586-b04)
# Java VM: OpenJDK 64-Bit Server VM (25.212-b04 mixed mode windows-amd64 compressed oops)
Heap:
 PSYoungGen      total 91648K, used 75750K [0x00000000e0000000, 0x00000000e6c80000, 0x0000000100000000)
  eden space 79872K, 94% used [0x00000000e0000000,0x00000000e49f9880,0x00000000e4e00000)
  from space 11776K, 0% used [0x00000000e5980000,0x00000000e5980000,0x00000000e6500000)
  to   space 11776K, 0% used [0x00000000e4e00000,0x00000000e4e00000,0x00000000e5980000)
 ParOldGen       total 82432K, used 14511K [0x00000000a0000000, 0x00000000a5080000, 0x00000000e0000000)
  object space 82432K, 17% used [0x00000000a0000000,0x00000000a0e2bc98,0x00000000a5080000)
 Metaspace       used 37987K, capacity 38702K, committed 38912K, reserved 1083392K
  class space    used 5103K, capacity 5320K, committed 5376K, reserved 1048576K
GC Heap History (10 events):
Event: 9.676 GC heap before
{Heap before GC invocations=8 (full 1):
 PSYoungGen      total 41984K, used 32768K [0x00000000e0000000, 0x00000000e5480000, 0x0000000100000000)
  eden space 32768K, 100% used [0x00000000e0000000,0x00000000e2000000,0x00000000e2000000)
  from space 9216K, 0% used [0x00000000e4b80000,0x00000000e4b80000,0x00000000e5480000)
  to   space 11264K, 0% used [0x00000000e3e80000,0x00000000e3e80000,0x00000000e4980000)
 ParOldGen       total 61440K, used 9791K [0x00000000a0000000, 0x00000000a3c00000, 0x00000000e0000000)
  object space 61440K, 15% used [0x00000000a0000000,0x00000000a098fe40,0x00000000a3c00000)
 Metaspace       used 26395K, capacity 26914K, committed 27136K, reserved 1073152K
  class space    used 3548K, capacity 3720K, committed 3840K, reserved 1048576K
Event: 9.683 GC heap after
Heap after GC invocations=8 (full 1):
 PSYoungGen      total 57344K, used 4787K [0x00000000e0000000, 0x00000000e4c00000, 0x0000000100000000)
  eden space 52224K, 0% used [0x00000000e0000000,0x00000000e0000000,0x00000000e3300000)
  from space 5120K, 93% used [0x00000000e3e80000,0x00000000e432cf58,0x00000000e4380000)
  to   space 8704K, 0% used [0x00000000e4380000,0x00000000e4380000,0x00000000e4c00000)
 ParOldGen       total 61440K, used 9799K [0x00000000a0000000, 0x00000000a3c00000, 0x00000000e0000000)
  object space 61440K, 15% used [0x00000000a0000000,0x00000000a0991e40,0x00000000a3c00000)
 Metaspace       used 26395K, capacity 26914K, committed 27136K, reserved 1073152K
  class space    used 3548K, capacity 3720K, committed 3840K, reserved 1048576K
}
Event: 10.142 GC heap before
{Heap before GC invocations=9 (full 1):
 PSYoungGen      total 57344K, used 57011K [0x00000000e0000000, 0x00000000e4c00000, 0x0000000100000000)
  eden space 52224K, 100% used [0x00000000e0000000,0x00000000e3300000,0x00000000e3300000)
  from space 5120K, 93% used [0x00000000e3e80000,0x00000000e432cf58,0x00000000e4380000)
  to   space 8704K, 0% used [0x00000000e4380000,0x00000000e4380000,0x00000000e4c00000)
 ParOldGen       total 61440K, used 9799K [0x00000000a0000000, 0x00000000a3c00000, 0x00000000e0000000)
  object space 61440K, 15% used [0x00000000a0000000,0x00000000a0991e40,0x00000000a3c00000)
 Metaspace       used 29384K, capacity 29908K, committed 30080K, reserved 1075200K
  class space    used 4035K, capacity 4203K, committed 4224K, reserved 1048576K
Event: 10.151 GC heap after
Heap after GC invocations=9 (full 1):
 PSYoungGen      total 67072K, used 6609K [0x00000000e0000000, 0x00000000e6900000, 0x0000000100000000)
  eden space 58368K, 0% used [0x00000000e0000000,0x00000000e0000000,0x00000000e3900000)
  from space 8704K, 75% used [0x00000000e4380000,0x00000000e49f46b8,0x00000000e4c00000)
  to   space 10752K, 0% used [0x00000000e3900000,0x00000000e3900000,0x00000000e4380000)
 ParOldGen       total 61440K, used 9807K [0x00000000a0000000, 0x00000000a3c00000, 0x00000000e0000000)
  object space 61440K, 15% used [0x00000000a0000000,0x00000000a0993e40,0x00000000a3c00000)
 Metaspace       used 29384K, capacity 29908K, committed 30080K, reserved 1075200K
  class space    used 4035K, capacity 4203K, committed 4224K, reserved 1048576K
}
Event: 12.539 GC heap before
{Heap before GC invocations=10 (full 1):
 PSYoungGen      total 67072K, used 64977K [0x00000000e0000000, 0x00000000e6900000, 0x0000000100000000)
  eden space 58368K, 100% used [0x00000000e0000000,0x00000000e3900000,0x00000000e3900000)
  from space 8704K, 75% used [0x00000000e4380000,0x00000000e49f46b8,0x00000000e4c00000)
  to   space 10752K, 0% used [0x00000000e3900000,0x00000000e3900000,0x00000000e4380000)
 ParOldGen       total 61440K, used 9807K [0x00000000a0000000, 0x00000000a3c00000, 0x00000000e0000000)
  object space 61440K, 15% used [0x00000000a0000000,0x00000000a0993e40,0x00000000a3c00000)
 Metaspace       used 33798K, capacity 34584K, committed 34816K, reserved 1079296K
  class space    used 4543K, capacity 4743K, committed 4864K, reserved 1048576K
Event: 12.547 GC heap after
Heap after GC invocations=10 (full 1):
 PSYoungGen      total 69120K, used 10292K [0x00000000e0000000, 0x00000000e6500000, 0x0000000100000000)
  eden space 58368K, 0% used [0x00000000e0000000,0x00000000e0000000,0x00000000e3900000)
  from space 10752K, 95% used [0x00000000e3900000,0x00000000e430d350,0x00000000e4380000)
  to   space 11776K, 0% used [0x00000000e5980000,0x00000000e5980000,0x00000000e6500000)
 ParOldGen       total 61440K, used 9815K [0x00000000a0000000, 0x00000000a3c00000, 0x00000000e0000000)
  object space 61440K, 15% used [0x00000000a0000000,0x00000000a0995e40,0x00000000a3c00000)
 Metaspace       used 33798K, capacity 34584K, committed 34816K, reserved 1079296K
  class space    used 4543K, capacity 4743K, committed 4864K, reserved 1048576K
}
Event: 12.626 GC heap before
{Heap before GC invocations=11 (full 1):
 PSYoungGen      total 69120K, used 17585K [0x00000000e0000000, 0x00000000e6500000, 0x0000000100000000)
  eden space 58368K, 12% used [0x00000000e0000000,0x00000000e071f178,0x00000000e3900000)
  from space 10752K, 95% used [0x00000000e3900000,0x00000000e430d350,0x00000000e4380000)
  to   space 11776K, 0% used [0x00000000e5980000,0x00000000e5980000,0x00000000e6500000)
 ParOldGen       total 61440K, used 9815K [0x00000000a0000000, 0x00000000a3c00000, 0x00000000e0000000)
  object space 61440K, 15% used [0x00000000a0000000,0x00000000a0995e40,0x00000000a3c00000)
 Metaspace       used 34589K, capacity 35420K, committed 35496K, reserved 1079296K
  class space    used 4571K, capacity 4811K, committed 4864K, reserved 1048576K
Event: 12.634 GC heap after
Heap after GC invocations=11 (full 1):
 PSYoungGen      total 91648K, used 3621K [0x00000000e0000000, 0x00000000e6c80000, 0x0000000100000000)
  eden space 79872K, 0% used [0x00000000e0000000,0x00000000e0000000,0x00000000e4e00000)
  from space 11776K, 30% used [0x00000000e5980000,0x00000000e5d096d8,0x00000000e6500000)
  to   space 11776K, 0% used [0x00000000e4e00000,0x00000000e4e00000,0x00000000e5980000)
 ParOldGen       total 61440K, used 13458K [0x00000000a0000000, 0x00000000a3c00000, 0x00000000e0000000)
  object space 61440K, 21% used [0x00000000a0000000,0x00000000a0d249b0,0x00000000a3c00000)
 Metaspace       used 34589K, capacity 35420K, committed 35496K, reserved 1079296K
  class space    used 4571K, capacity 4811K, committed 4864K, reserved 1048576K
}
Event: 12.634 GC heap before
{Heap before GC invocations=12 (full 2):
 PSYoungGen      total 91648K, used 3621K [0x00000000e0000000, 0x00000000e6c80000, 0x0000000100000000)
  eden space 79872K, 0% used [0x00000000e0000000,0x00000000e0000000,0x00000000e4e00000)
  from space 11776K, 30% used [0x00000000e5980000,0x00000000e5d096d8,0x00000000e6500000)
  to   space 11776K, 0% used [0x00000000e4e00000,0x00000000e4e00000,0x00000000e5980000)
 ParOldGen       total 61440K, used 13458K [0x00000000a0000000, 0x00000000a3c00000, 0x00000000e0000000)
  object space 61440K, 21% used [0x00000000a0000000,0x00000000a0d249b0,0x00000000a3c00000)
 Metaspace       used 34589K, capacity 35420K, committed 35496K, reserved 1079296K
  class space    used 4571K, capacity 4811K, committed 4864K, reserved 1048576K
Event: 12.713 GC heap after
Heap after GC invocations=12 (full 2):
 PSYoungGen      total 91648K, used 0K [0x00000000e0000000, 0x00000000e6c80000, 0x0000000100000000)
  eden space 79872K, 0% used [0x00000000e0000000,0x00000000e0000000,0x00000000e4e00000)
  from space 11776K, 0% used [0x00000000e5980000,0x00000000e5980000,0x00000000e6500000)
  to   space 11776K, 0% used [0x00000000e4e00000,0x00000000e4e00000,0x00000000e5980000)
 ParOldGen       total 82432K, used 14511K [0x00000000a0000000, 0x00000000a5080000, 0x00000000e0000000)
  object space 82432K, 17% used [0x00000000a0000000,0x00000000a0e2bc98,0x00000000a5080000)
 Metaspace       used 34543K, capacity 35316K, committed 35496K, reserved 1079296K
  class space    used 4560K, capacity 4799K, committed 4864K, reserved 1048576K
}

